************* Module angryFoe
W:  8,0: TODO No implementada, copia del bomber
C:  1,0: Invalid name "angryFoe" (should match (([a-z_][a-z0-9_]*)|([A-Z][a-zA-Z0-9]+))$)
C:  1,0: Missing docstring
C:  7,0:AngryFoe: Missing docstring
C:  9,4:AngryFoe.__init__: Invalid name "spriteImg" (should match [a-z_][a-z0-9_]{2,30}$)
W:  9,4:AngryFoe.__init__: __init__ method from base class 'Character' is not called
C:  9,28:AngryFoe.__init__: Invalid name "spriteImg" (should match [a-z_][a-z0-9_]{2,30}$)
W:  4,0: Unused import random
W:  2,0: Unused import const
W:  3,0: Unused import pygame
************* Module bomber_foe
W: 24,0: TODO cuando recibe un golpe
W: 25,0: TODO cuando coloca una bomba
W: 26,0: TODO gestionar colisiones
W: 39,0: TODO no esta ni empezado
************* Module cell
W: 17,0: TODO pensar si hacen falta up down left right x y
R:  7,0:Cell: Too few public methods (0/2)
************* Module cog
R:  8,0:Cog: Too few public methods (0/2)
************* Module cogs_group
E: 17,20:CogsGroup.__init__: Instance of 'CogsGroup' has no 'add' member
E: 23,21:CogsGroup.get_cog: Instance of 'CogsGroup' has no 'sprites' member
************* Module dk_groups
E: 18,22:DKGroups.draw: Instance of 'DKGroups' has no 'sprites' member
R:  7,0:DKGroups: Too few public methods (1/2)
************* Module fastFoe
W:  8,0: TODO entera, copia del bomber
C:  1,0: Invalid name "fastFoe" (should match (([a-z_][a-z0-9_]*)|([A-Z][a-zA-Z0-9]+))$)
C:  1,0: Missing docstring
C:  7,0:FastFoe: Missing docstring
C:  9,4:FastFoe.__init__: Invalid name "spriteImg" (should match [a-z_][a-z0-9_]{2,30}$)
W:  9,4:FastFoe.__init__: __init__ method from base class 'Character' is not called
C:  9,28:FastFoe.__init__: Invalid name "spriteImg" (should match [a-z_][a-z0-9_]{2,30}$)
W:  4,0: Unused import random
W:  2,0: Unused import const
W:  3,0: Unused import pygame
************* Module foes_group
E: 51,12:FoesGroup.__init__: Instance of 'FoesGroup' has no 'add' member
E: 57,19:FoesGroup.update: Instance of 'FoesGroup' has no 'sprites' member
************* Module game_loop
W: 21,0: TODO anyadir bien y en el txt al personaje principal
W: 26,0: TODO cambiar toda la iniciacion del heroe
W: 54,0: TODO hacer las cosas bien con el eroe
W: 32,4:GameLoop.run: Arguments number differs from overridden method
E: 50,12:GameLoop.run: Instance of 'CogsGroup' has no 'update' member
R: 15,0:GameLoop: Too few public methods (1/2)
************* Module game_map
E: 19,28:GameMap.__init__: Too many positional arguments for function call
R:  9,0:GameMap: Too few public methods (0/2)
************* Module loop
R:  4,0:Loop: Too few public methods (1/2)
************* Module main
W: 63,0: TODO mejorar la forma de poner la resolucion
W: 64,0: TODO Intro y Menu
W: 17,21:opt_select_level: Unused argument 'screen'
W: 17,29:opt_select_level: Unused argument 'clock'
W: 24,19:opt_highscores: Unused argument 'screen'
W: 24,27:opt_highscores: Unused argument 'clock'
W: 31,16:opt_credits: Unused argument 'screen'
W: 31,24:opt_credits: Unused argument 'clock'
W: 38,13:opt_exit: Unused argument 'screen'
W: 38,21:opt_exit: Unused argument 'clock'
C: 45,0: Invalid name "Switch" (should match (([A-Z_][A-Z0-9_]*)|(__.*__))$)
************* Module masterFoe
C:  1,0: Invalid name "masterFoe" (should match (([a-z_][a-z0-9_]*)|([A-Z][a-zA-Z0-9]+))$)
C:  1,0: Missing docstring
C:  7,0:MasterFoe: Missing docstring
C:  8,4:MasterFoe.__init__: Invalid name "spriteImg" (should match [a-z_][a-z0-9_]{2,30}$)
W:  8,4:MasterFoe.__init__: __init__ method from base class 'Character' is not called
C:  8,28:MasterFoe.__init__: Invalid name "spriteImg" (should match [a-z_][a-z0-9_]{2,30}$)
C: 11,4:MasterFoe.update: Missing docstring
W:  4,0: Unused import random
W:  2,0: Unused import const
W:  3,0: Unused import pygame
************* Module menu_loop
E: 17,26:MenuLoop.__init__: Too many positional arguments for function call
E: 19,20:MenuLoop.__init__: Too many positional arguments for function call
E: 36,25:MenuLoop.__init__: Too many positional arguments for function call
W: 39,4:MenuLoop.run: Arguments number differs from overridden method
R: 11,0:MenuLoop: Too few public methods (1/2)
R:  1,0: Similar lines in 2 files
==game_loop:36
==menu_loop:41
            for event in pygame.event.get():
                if event.type == pygame.QUIT:
                    sys.exit()
                if event.type == pygame.KEYDOWN:
                    if event.key == K_UP:


Report
======
328 statements analysed.

Messages by category
--------------------

+-----------+-------+---------+-----------+
|type       |number |previous |difference |
+===========+=======+=========+===========+
|convention |17     |17       |=          |
+-----------+-------+---------+-----------+
|refactor   |8      |8        |=          |
+-----------+-------+---------+-----------+
|warning    |34     |38       |-4.00      |
+-----------+-------+---------+-----------+
|error      |10     |10       |=          |
+-----------+-------+---------+-----------+



% errors / warnings by module
-----------------------------

+-----------+------+--------+---------+-----------+
|module     |error |warning |refactor |convention |
+===========+======+========+=========+===========+
|menu_loop  |30.00 |2.94    |25.00    |0.00       |
+-----------+------+--------+---------+-----------+
|foes_group |20.00 |0.00    |0.00     |0.00       |
+-----------+------+--------+---------+-----------+
|cogs_group |20.00 |0.00    |0.00     |0.00       |
+-----------+------+--------+---------+-----------+
|game_loop  |10.00 |11.76   |12.50    |0.00       |
+-----------+------+--------+---------+-----------+
|game_map   |10.00 |0.00    |12.50    |0.00       |
+-----------+------+--------+---------+-----------+
|dk_groups  |10.00 |0.00    |12.50    |0.00       |
+-----------+------+--------+---------+-----------+
|main       |0.00  |29.41   |0.00     |5.88       |
+-----------+------+--------+---------+-----------+
|fastFoe    |0.00  |14.71   |0.00     |29.41      |
+-----------+------+--------+---------+-----------+
|angryFoe   |0.00  |14.71   |0.00     |29.41      |
+-----------+------+--------+---------+-----------+
|masterFoe  |0.00  |11.76   |0.00     |35.29      |
+-----------+------+--------+---------+-----------+
|bomber_foe |0.00  |11.76   |0.00     |0.00       |
+-----------+------+--------+---------+-----------+
|cell       |0.00  |2.94    |12.50    |0.00       |
+-----------+------+--------+---------+-----------+



Messages
--------

+-----------+------------+
|message id |occurrences |
+===========+============+
|W0511      |12          |
+-----------+------------+
|C0103      |10          |
+-----------+------------+
|W0611      |9           |
+-----------+------------+
|W0613      |8           |
+-----------+------------+
|R0903      |7           |
+-----------+------------+
|C0111      |7           |
+-----------+------------+
|E1101      |6           |
+-----------+------------+
|E1121      |4           |
+-----------+------------+
|W0231      |3           |
+-----------+------------+
|W0221      |2           |
+-----------+------------+
|R0801      |1           |
+-----------+------------+



Global evaluation
-----------------
Your code has been rated at 6.68/10 (previous run: 6.60/10)

Raw metrics
-----------

+----------+-------+------+---------+-----------+
|type      |number |%     |previous |difference |
+==========+=======+======+=========+===========+
|code      |377    |60.22 |381      |-4.00      |
+----------+-------+------+---------+-----------+
|docstring |156    |24.92 |156      |=          |
+----------+-------+------+---------+-----------+
|comment   |7      |1.12  |7        |=          |
+----------+-------+------+---------+-----------+
|empty     |86     |13.74 |86       |=          |
+----------+-------+------+---------+-----------+



Duplication
-----------

+-------------------------+------+---------+-----------+
|                         |now   |previous |difference |
+=========================+======+=========+===========+
|nb duplicated lines      |5     |5        |=          |
+-------------------------+------+---------+-----------+
|percent duplicated lines |0.822 |0.817    |+0.01      |
+-------------------------+------+---------+-----------+



Statistics by type
------------------

+---------+-------+-----------+-----------+------------+---------+
|type     |number |old number |difference |%documented |%badname |
+=========+=======+===========+===========+============+=========+
|module   |18     |18         |=          |83.33       |16.67    |
+---------+-------+-----------+-----------+------------+---------+
|class    |16     |16         |=          |81.25       |0.00     |
+---------+-------+-----------+-----------+------------+---------+
|method   |29     |29         |=          |96.55       |0.00     |
+---------+-------+-----------+-----------+------------+---------+
|function |14     |14         |=          |100.00      |0.00     |
+---------+-------+-----------+-----------+------------+---------+



